Arguments: 
  /Users/gorriej/.nvm/versions/node/v8.9.1/bin/node /Users/gorriej/.yarn/bin/yarn.js add @babel/preset-flow

PATH: 
  /Users/gorriej/.yarn/bin:/Users/gorriej/.config/yarn/global/node_modules/.bin:/Users/gorriej/bin:/Users/gorriej/.rbenv/shims:/Users/gorriej/.nvm/versions/node/v8.9.1/bin:/usr/local/bin:/usr/local/sbin:/usr/bin:/bin:/usr/sbin:/sbin:/Users/gorriej/.yarn/bin:/Users/gorriej/.config/yarn/global/node_modules/.bin:/Users/gorriej/bin:/Users/gorriej/.rbenv/shims

Yarn version: 
  1.6.0

Node version: 
  8.9.1

Platform: 
  darwin x64

Trace: 
  SyntaxError: /Users/gorriej/projects/babel-playground/package.json: Unexpected token @ in JSON at position 93
      at JSON.parse (<anonymous>)
      at /Users/gorriej/.yarn/lib/cli.js:1130:59
      at Generator.next (<anonymous>)
      at step (/Users/gorriej/.yarn/lib/cli.js:98:30)
      at /Users/gorriej/.yarn/lib/cli.js:109:13
      at <anonymous>

npm manifest: 
  {
    "dependencies": {
      "@babel/plugin-transform-flow-strip-types": "^7.0.0-beta.46"
    }
  }
  @babel/preset-flo

yarn manifest: 
  No manifest

Lockfile: 
  # THIS IS AN AUTOGENERATED FILE. DO NOT EDIT THIS FILE DIRECTLY.
  # yarn lockfile v1
  
  
  "@babel/helper-plugin-utils@7.0.0-beta.46":
    version "7.0.0-beta.46"
    resolved "https://registry.yarnpkg.com/@babel/helper-plugin-utils/-/helper-plugin-utils-7.0.0-beta.46.tgz#f630adbd9d645d0ba2e43f4955b4ad61f44ccdf4"
  
  "@babel/plugin-syntax-flow@7.0.0-beta.46":
    version "7.0.0-beta.46"
    resolved "https://registry.yarnpkg.com/@babel/plugin-syntax-flow/-/plugin-syntax-flow-7.0.0-beta.46.tgz#f9940274770945cc758a947944949e70ea530e7f"
    dependencies:
      "@babel/helper-plugin-utils" "7.0.0-beta.46"
  
  "@babel/plugin-transform-flow-strip-types@^7.0.0-beta.46":
    version "7.0.0-beta.46"
    resolved "https://registry.yarnpkg.com/@babel/plugin-transform-flow-strip-types/-/plugin-transform-flow-strip-types-7.0.0-beta.46.tgz#3c26def3c4027d5c0c3f98c3b6f161c715ab7fff"
    dependencies:
      "@babel/helper-plugin-utils" "7.0.0-beta.46"
      "@babel/plugin-syntax-flow" "7.0.0-beta.46"
